ARM GAS  C:\Users\hjroyal\AppData\Local\Temp\cc8lT10J.s 			page 1


   1              		.cpu cortex-m3
   2              		.arch armv7-m
   3              		.fpu softvfp
   4              		.eabi_attribute 20, 1
   5              		.eabi_attribute 21, 1
   6              		.eabi_attribute 23, 3
   7              		.eabi_attribute 24, 1
   8              		.eabi_attribute 25, 1
   9              		.eabi_attribute 26, 1
  10              		.eabi_attribute 30, 1
  11              		.eabi_attribute 34, 1
  12              		.eabi_attribute 18, 4
  13              		.file	"gpio.c"
  14              		.text
  15              	.Ltext0:
  16              		.cfi_sections	.debug_frame
  17              		.section	.text.MX_GPIO_Init,"ax",%progbits
  18              		.align	1
  19              		.global	MX_GPIO_Init
  20              		.syntax unified
  21              		.thumb
  22              		.thumb_func
  24              	MX_GPIO_Init:
  25              	.LFB65:
  26              		.file 1 "Core/Src/gpio.c"
   1:Core/Src/gpio.c **** /* USER CODE BEGIN Header */
   2:Core/Src/gpio.c **** /**
   3:Core/Src/gpio.c ****   ******************************************************************************
   4:Core/Src/gpio.c ****   * @file    gpio.c
   5:Core/Src/gpio.c ****   * @brief   This file provides code for the configuration
   6:Core/Src/gpio.c ****   *          of all used GPIO pins.
   7:Core/Src/gpio.c ****   ******************************************************************************
   8:Core/Src/gpio.c ****   * @attention
   9:Core/Src/gpio.c ****   *
  10:Core/Src/gpio.c ****   * Copyright (c) 2024 STMicroelectronics.
  11:Core/Src/gpio.c ****   * All rights reserved.
  12:Core/Src/gpio.c ****   *
  13:Core/Src/gpio.c ****   * This software is licensed under terms that can be found in the LICENSE file
  14:Core/Src/gpio.c ****   * in the root directory of this software component.
  15:Core/Src/gpio.c ****   * If no LICENSE file comes with this software, it is provided AS-IS.
  16:Core/Src/gpio.c ****   *
  17:Core/Src/gpio.c ****   ******************************************************************************
  18:Core/Src/gpio.c ****   */
  19:Core/Src/gpio.c **** /* USER CODE END Header */
  20:Core/Src/gpio.c **** 
  21:Core/Src/gpio.c **** /* Includes ------------------------------------------------------------------*/
  22:Core/Src/gpio.c **** #include "gpio.h"
  23:Core/Src/gpio.c **** 
  24:Core/Src/gpio.c **** /* USER CODE BEGIN 0 */
  25:Core/Src/gpio.c **** 
  26:Core/Src/gpio.c **** /* USER CODE END 0 */
  27:Core/Src/gpio.c **** 
  28:Core/Src/gpio.c **** /*----------------------------------------------------------------------------*/
  29:Core/Src/gpio.c **** /* Configure GPIO                                                             */
  30:Core/Src/gpio.c **** /*----------------------------------------------------------------------------*/
  31:Core/Src/gpio.c **** /* USER CODE BEGIN 1 */
  32:Core/Src/gpio.c **** 
ARM GAS  C:\Users\hjroyal\AppData\Local\Temp\cc8lT10J.s 			page 2


  33:Core/Src/gpio.c **** /* USER CODE END 1 */
  34:Core/Src/gpio.c **** 
  35:Core/Src/gpio.c **** /** Configure pins
  36:Core/Src/gpio.c **** */
  37:Core/Src/gpio.c **** void MX_GPIO_Init(void)
  38:Core/Src/gpio.c **** {
  27              		.loc 1 38 1 view -0
  28              		.cfi_startproc
  29              		@ args = 0, pretend = 0, frame = 24
  30              		@ frame_needed = 0, uses_anonymous_args = 0
  31 0000 10B5     		push	{r4, lr}
  32              	.LCFI0:
  33              		.cfi_def_cfa_offset 8
  34              		.cfi_offset 4, -8
  35              		.cfi_offset 14, -4
  36 0002 86B0     		sub	sp, sp, #24
  37              	.LCFI1:
  38              		.cfi_def_cfa_offset 32
  39:Core/Src/gpio.c **** 
  40:Core/Src/gpio.c ****   GPIO_InitTypeDef GPIO_InitStruct = {0};
  39              		.loc 1 40 3 view .LVU1
  40              		.loc 1 40 20 is_stmt 0 view .LVU2
  41 0004 0022     		movs	r2, #0
  42 0006 0292     		str	r2, [sp, #8]
  43 0008 0392     		str	r2, [sp, #12]
  44 000a 0492     		str	r2, [sp, #16]
  45 000c 0592     		str	r2, [sp, #20]
  41:Core/Src/gpio.c **** 
  42:Core/Src/gpio.c ****   /* GPIO Ports Clock Enable */
  43:Core/Src/gpio.c ****   __HAL_RCC_GPIOA_CLK_ENABLE();
  46              		.loc 1 43 3 is_stmt 1 view .LVU3
  47              	.LBB2:
  48              		.loc 1 43 3 view .LVU4
  49              		.loc 1 43 3 view .LVU5
  50 000e 0F4B     		ldr	r3, .L3
  51 0010 9969     		ldr	r1, [r3, #24]
  52 0012 41F00401 		orr	r1, r1, #4
  53 0016 9961     		str	r1, [r3, #24]
  54              		.loc 1 43 3 view .LVU6
  55 0018 9B69     		ldr	r3, [r3, #24]
  56 001a 03F00403 		and	r3, r3, #4
  57 001e 0193     		str	r3, [sp, #4]
  58              		.loc 1 43 3 view .LVU7
  59 0020 019B     		ldr	r3, [sp, #4]
  60              	.LBE2:
  61              		.loc 1 43 3 view .LVU8
  44:Core/Src/gpio.c **** 
  45:Core/Src/gpio.c ****   /*Configure GPIO pin Output Level */
  46:Core/Src/gpio.c ****   HAL_GPIO_WritePin(READ_LED_GPIO_Port, READ_LED_Pin, GPIO_PIN_RESET);
  62              		.loc 1 46 3 view .LVU9
  63 0022 0B4C     		ldr	r4, .L3+4
  64 0024 4FF48071 		mov	r1, #256
  65 0028 2046     		mov	r0, r4
  66 002a FFF7FEFF 		bl	HAL_GPIO_WritePin
  67              	.LVL0:
  47:Core/Src/gpio.c **** 
  48:Core/Src/gpio.c ****   /*Configure GPIO pin : PtPin */
ARM GAS  C:\Users\hjroyal\AppData\Local\Temp\cc8lT10J.s 			page 3


  49:Core/Src/gpio.c ****   GPIO_InitStruct.Pin = READ_LED_Pin;
  68              		.loc 1 49 3 view .LVU10
  69              		.loc 1 49 23 is_stmt 0 view .LVU11
  70 002e 4FF48073 		mov	r3, #256
  71 0032 0293     		str	r3, [sp, #8]
  50:Core/Src/gpio.c ****   GPIO_InitStruct.Mode = GPIO_MODE_OUTPUT_PP;
  72              		.loc 1 50 3 is_stmt 1 view .LVU12
  73              		.loc 1 50 24 is_stmt 0 view .LVU13
  74 0034 0123     		movs	r3, #1
  75 0036 0393     		str	r3, [sp, #12]
  51:Core/Src/gpio.c ****   GPIO_InitStruct.Pull = GPIO_PULLUP;
  76              		.loc 1 51 3 is_stmt 1 view .LVU14
  77              		.loc 1 51 24 is_stmt 0 view .LVU15
  78 0038 0493     		str	r3, [sp, #16]
  52:Core/Src/gpio.c ****   GPIO_InitStruct.Speed = GPIO_SPEED_FREQ_HIGH;
  79              		.loc 1 52 3 is_stmt 1 view .LVU16
  80              		.loc 1 52 25 is_stmt 0 view .LVU17
  81 003a 0323     		movs	r3, #3
  82 003c 0593     		str	r3, [sp, #20]
  53:Core/Src/gpio.c ****   HAL_GPIO_Init(READ_LED_GPIO_Port, &GPIO_InitStruct);
  83              		.loc 1 53 3 is_stmt 1 view .LVU18
  84 003e 02A9     		add	r1, sp, #8
  85 0040 2046     		mov	r0, r4
  86 0042 FFF7FEFF 		bl	HAL_GPIO_Init
  87              	.LVL1:
  54:Core/Src/gpio.c **** 
  55:Core/Src/gpio.c **** }
  88              		.loc 1 55 1 is_stmt 0 view .LVU19
  89 0046 06B0     		add	sp, sp, #24
  90              	.LCFI2:
  91              		.cfi_def_cfa_offset 8
  92              		@ sp needed
  93 0048 10BD     		pop	{r4, pc}
  94              	.L4:
  95 004a 00BF     		.align	2
  96              	.L3:
  97 004c 00100240 		.word	1073876992
  98 0050 00080140 		.word	1073809408
  99              		.cfi_endproc
 100              	.LFE65:
 102              		.text
 103              	.Letext0:
 104              		.file 2 "c:\\app\\env\\c_cpp\\gcc-arm-none-eabi\\arm-none-eabi\\include\\machine\\_default_types.h
 105              		.file 3 "c:\\app\\env\\c_cpp\\gcc-arm-none-eabi\\arm-none-eabi\\include\\sys\\_stdint.h"
 106              		.file 4 "Drivers/CMSIS/Device/ST/STM32F1xx/Include/stm32f103xe.h"
 107              		.file 5 "Drivers/STM32F1xx_HAL_Driver/Inc/stm32f1xx_hal_gpio.h"
ARM GAS  C:\Users\hjroyal\AppData\Local\Temp\cc8lT10J.s 			page 4


DEFINED SYMBOLS
                            *ABS*:00000000 gpio.c
C:\Users\hjroyal\AppData\Local\Temp\cc8lT10J.s:18     .text.MX_GPIO_Init:00000000 $t
C:\Users\hjroyal\AppData\Local\Temp\cc8lT10J.s:24     .text.MX_GPIO_Init:00000000 MX_GPIO_Init
C:\Users\hjroyal\AppData\Local\Temp\cc8lT10J.s:97     .text.MX_GPIO_Init:0000004c $d

UNDEFINED SYMBOLS
HAL_GPIO_WritePin
HAL_GPIO_Init
